  Bar.cpp
  Button.cpp
  CircleCollider.cpp
  Collision.cpp
  Game.cpp
  Gun.cpp
  Mineral.cpp
  Obstacle.cpp
C:\Projects++\WindowKiller\WindowKiller\Bar.h(1,10): error C1083: Cannot open include file: 'SFML\Graphics.hpp': No such file or directory
  (compiling source file 'Bar.cpp')
  
C:\Projects++\WindowKiller\WindowKiller\Button.h(1,10): error C1083: Cannot open include file: 'SFML\Graphics.hpp': No such file or directory
  (compiling source file 'Button.cpp')
  
  ObstaclePool.cpp
C:\Projects++\WindowKiller\WindowKiller\CircleCollider.h(1,10): error C1083: Cannot open include file: 'SFML\Graphics.hpp': No such file or directory
  (compiling source file 'CircleCollider.cpp')
  
C:\Projects++\WindowKiller\WindowKiller\Collision.h(1,10): error C1083: Cannot open include file: 'SFML/Graphics.hpp': No such file or directory
  (compiling source file 'Collision.cpp')
  
C:\Projects++\WindowKiller\WindowKiller\Game.h(1,10): error C1083: Cannot open include file: 'SFML\Graphics.hpp': No such file or directory
  (compiling source file 'Game.cpp')
  
C:\Projects++\WindowKiller\WindowKiller\Gun.h(1,10): error C1083: Cannot open include file: 'SFML\Graphics.hpp': No such file or directory
  (compiling source file 'Gun.cpp')
  
C:\Projects++\WindowKiller\WindowKiller\Mineral.h(1,10): error C1083: Cannot open include file: 'SFML\Graphics.hpp': No such file or directory
  (compiling source file 'Mineral.cpp')
  
C:\Projects++\WindowKiller\WindowKiller\Obstacle.h(1,10): error C1083: Cannot open include file: 'SFML\Graphics.hpp': No such file or directory
  (compiling source file 'Obstacle.cpp')
  
C:\Projects++\WindowKiller\WindowKiller\ObstaclePool.h(1,10): error C1083: Cannot open include file: 'SFML\Graphics.hpp': No such file or directory
  (compiling source file 'ObstaclePool.cpp')
  
  ObstacleSpawner.cpp
C:\Projects++\WindowKiller\WindowKiller\ObstacleSpawner.h(1,10): error C1083: Cannot open include file: 'SFML/Graphics.hpp': No such file or directory
  (compiling source file 'ObstacleSpawner.cpp')
  
  Particle.cpp
C:\Projects++\WindowKiller\WindowKiller\Particle.h(1,10): error C1083: Cannot open include file: 'SFML/Graphics.hpp': No such file or directory
  (compiling source file 'Particle.cpp')
  
  ParticleSystem.cpp
C:\Projects++\WindowKiller\WindowKiller\ParticleSystem.h(1,10): error C1083: Cannot open include file: 'SFML\Graphics.hpp': No such file or directory
  (compiling source file 'ParticleSystem.cpp')
  
  Player.cpp
C:\Projects++\WindowKiller\WindowKiller\Player.h(1,10): error C1083: Cannot open include file: 'SFML\Graphics.hpp': No such file or directory
  (compiling source file 'Player.cpp')
  
  Rigidbody.cpp
C:\Projects++\WindowKiller\WindowKiller\Rigidbody.h(1,10): error C1083: Cannot open include file: 'SFML\Graphics.hpp': No such file or directory
  (compiling source file 'Rigidbody.cpp')
  
  ScoreSystem.cpp
C:\Projects++\WindowKiller\WindowKiller\ScoreSystem.h(1,10): error C1083: Cannot open include file: 'SFML\Graphics.hpp': No such file or directory
  (compiling source file 'ScoreSystem.cpp')
  
  Star.cpp
C:\Projects++\WindowKiller\WindowKiller\Star.h(1,10): error C1083: Cannot open include file: 'SFML\Graphics.hpp': No such file or directory
  (compiling source file 'Star.cpp')
  
  Starfield.cpp
C:\Projects++\WindowKiller\WindowKiller\Starfield.h(1,10): error C1083: Cannot open include file: 'SFML\Graphics.hpp': No such file or directory
  (compiling source file 'Starfield.cpp')
  
  UI.cpp
C:\Projects++\WindowKiller\WindowKiller\UI.h(1,10): error C1083: Cannot open include file: 'SFML\Graphics.hpp': No such file or directory
  (compiling source file 'UI.cpp')
  
  main.cpp
C:\Projects++\WindowKiller\WindowKiller\main.cpp(1,10): error C1083: Cannot open include file: 'SFML\Graphics.hpp': No such file or directory
  Generating Code...
